android/SDK/build/intermediates/manifest_merge_blame_file/debug/manifest-merger-blame-debug-report.txt
1<?xml version="1.0" encoding="utf-8"?>
2<manifest xmlns:android="http://schemas.android.com/apk/res/android"
3    package="io.mob.resu.reandroidsdk" >
4
5    <uses-sdk
6        android:minSdkVersion="21"
6-->src/main/AndroidManifest.xml
7        android:targetSdkVersion="33" />
7-->src/main/AndroidManifest.xml
8
9    <uses-permission android:name="android.permission.ACCESS_WIFI_STATE" />
9-->src/main/AndroidManifest.xml:4:5-76
9-->src/main/AndroidManifest.xml:4:22-73
10    <uses-permission android:name="android.permission.CALL_PHONE" />
10-->src/main/AndroidManifest.xml:5:5-69
10-->src/main/AndroidManifest.xml:5:22-66
11    <uses-permission android:name="android.permission.ACCESS_NETWORK_STATE" />
11-->src/main/AndroidManifest.xml:6:5-79
11-->src/main/AndroidManifest.xml:6:22-76
12    <uses-permission android:name="android.permission.INTERNET" />
12-->src/main/AndroidManifest.xml:7:5-67
12-->src/main/AndroidManifest.xml:7:22-64
13    <uses-permission android:name="android.permission.WAKE_LOCK" />
13-->src/main/AndroidManifest.xml:8:5-68
13-->src/main/AndroidManifest.xml:8:22-65
14
15    <uses-feature
15-->src/main/AndroidManifest.xml:10:5-12:35
16        android:name="android.hardware.sensor.accelerometer"
16-->src/main/AndroidManifest.xml:11:9-61
17        android:required="true" />
17-->src/main/AndroidManifest.xml:12:9-32
18
19    <uses-permission android:name="android.permission.READ_PHONE_STATE" />
19-->src/main/AndroidManifest.xml:13:5-75
19-->src/main/AndroidManifest.xml:13:22-72
20
21    <application
21-->src/main/AndroidManifest.xml:15:5-60:19
22        android:supportsRtl="true"
22-->src/main/AndroidManifest.xml:17:9-35
23        android:usesCleartextTraffic="true" >
23-->src/main/AndroidManifest.xml:16:9-44
24        <receiver
24-->src/main/AndroidManifest.xml:19:9-28:20
25            android:name="io.mob.resu.reandroidsdk.NotificationActionReceiver"
25-->src/main/AndroidManifest.xml:19:19-85
26            android:exported="true" >
26-->src/main/AndroidManifest.xml:20:13-36
27            <intent-filter>
27-->src/main/AndroidManifest.xml:21:13-27:29
28                <action android:name="postmessage" />
28-->src/main/AndroidManifest.xml:22:17-54
28-->src/main/AndroidManifest.xml:22:25-51
29                <action android:name="CustomCTA" />
29-->src/main/AndroidManifest.xml:23:17-52
29-->src/main/AndroidManifest.xml:23:25-49
30                <action android:name="CarouselLeft" />
30-->src/main/AndroidManifest.xml:24:17-55
30-->src/main/AndroidManifest.xml:24:25-52
31                <action android:name="CarouselRight" />
31-->src/main/AndroidManifest.xml:25:17-56
31-->src/main/AndroidManifest.xml:25:25-53
32                <action android:name="notification_cancelled" />
32-->src/main/AndroidManifest.xml:26:17-65
32-->src/main/AndroidManifest.xml:26:25-62
33            </intent-filter>
34        </receiver>
35        <receiver
35-->src/main/AndroidManifest.xml:30:9-32:39
36            android:name="io.mob.resu.reandroidsdk.ReNotificationBroadcastReceiver"
36-->src/main/AndroidManifest.xml:31:13-84
37            android:exported="true" />
37-->src/main/AndroidManifest.xml:32:13-36
38        <receiver
38-->src/main/AndroidManifest.xml:34:9-38:20
39            android:name="io.mob.resu.reandroidsdk.ScheduleNotification"
39-->src/main/AndroidManifest.xml:35:13-73
40            android:exported="true" >
40-->src/main/AndroidManifest.xml:36:13-36
41        </receiver>
42
43        <service
43-->src/main/AndroidManifest.xml:40:9-43:38
44            android:name="io.mob.resu.reandroidsdk.AppKillService"
44-->src/main/AndroidManifest.xml:41:13-43
45            android:exported="true"
45-->src/main/AndroidManifest.xml:43:13-36
46            android:stopWithTask="false" />
46-->src/main/AndroidManifest.xml:42:13-41
47
48        <activity
48-->src/main/AndroidManifest.xml:45:9-50:20
49            android:name="io.mob.resu.reandroidsdk.ReNotificationActivity"
49-->src/main/AndroidManifest.xml:46:13-51
50            android:exported="true"
50-->src/main/AndroidManifest.xml:48:13-36
51            android:windowSoftInputMode="stateHidden|adjustPan" >
51-->src/main/AndroidManifest.xml:47:13-64
52        </activity>
53
54        <receiver
54-->src/main/AndroidManifest.xml:51:9-58:20
55            android:name="io.mob.resu.reandroidsdk.InstallReferrerReceiver"
55-->src/main/AndroidManifest.xml:52:13-76
56            android:exported="true" >
56-->src/main/AndroidManifest.xml:53:13-36
57            <intent-filter>
57-->src/main/AndroidManifest.xml:54:13-57:29
58                <action android:name="com.android.vending.INSTALL_REFERRER" />
58-->src/main/AndroidManifest.xml:55:17-79
58-->src/main/AndroidManifest.xml:55:25-76
59                <action android:name="android.intent.action.PACKAGE_FIRST_LAUNCH" />
59-->src/main/AndroidManifest.xml:56:17-85
59-->src/main/AndroidManifest.xml:56:25-82
60            </intent-filter>
61        </receiver>
62    </application>
63
64</manifest>